#
# A fatal error has been detected by the Java Runtime Environment:
#
#  Internal Error (os_windows_x86.cpp:144), pid=3352, tid=0x00000000000001a8
#  guarantee(result == EXCEPTION_CONTINUE_EXECUTION) failed: Unexpected result from topLevelExceptionFilter
#
# JRE version: Java(TM) SE Runtime Environment (8.0_291-b10) (build 1.8.0_291-b10)
# Java VM: Java HotSpot(TM) 64-Bit Server VM (25.291-b10 mixed mode windows-amd64 compressed oops)
# Failed to write core dump. Minidumps are not enabled by default on client versions of Windows
#
# If you would like to submit a bug report, please visit:
#   http://bugreport.java.com/bugreport/crash.jsp
# The crash happened outside the Java Virtual Machine in native code.
# See problematic frame for where to report the bug.
#

---------------  T H R E A D  ---------------

Current thread (0x00000266dc792000):  JavaThread "Python Reference Queue" daemon [_thread_in_native, id=424, stack(0x000000e2a4fb0000,0x000000e2a51a0000)]

Stack: [0x000000e2a4fb0000,0x000000e2a51a0000]
Native frames: (J=compiled Java code, j=interpreted, Vv=VM code, C=native code)
C  0x00000000644cea19
C  0x0000000064415462
C  0x000000006441610d
C  0x000000006440cac7
C  0x00000000644ce69c
C  [ntdll.dll+0xa184f]
C  [ntdll.dll+0x6a889]
C  [ntdll.dll+0xa04be]
C  0x00007ffc7950735d
C  0x00007ffc79507392
C  0x00007ffc79433884
C  0x00007ffc79436393
C  0x00007ffc832f48eb
C  [python38.dll+0x16bd9]
C  [python38.dll+0x924e8]
C  [python38.dll+0x90ce0]
C  [python38.dll+0x9042d]
C  [python38.dll+0x8f18d]
C  [python38.dll+0xf64c3]
C  0x00007ffc77b3bec0
C  0x00000266c85d9f4e

Java frames: (J=compiled Java code, j=interpreted, Vv=VM code)
j  org.jpype.ref.JPypeReferenceQueue.wake(J)V+0
j  org.jpype.ref.JPypeReferenceQueue$Worker.run()V+49
j  java.lang.Thread.run()V+11
v  ~StubRoutines::call_stub

---------------  P R O C E S S  ---------------

Java Threads: ( => current thread )
=>0x00000266dc792000 JavaThread "Python Reference Queue" daemon [_thread_in_native, id=424, stack(0x000000e2a4fb0000,0x000000e2a51a0000)]
  0x00000266c46be000 JavaThread "Service Thread" daemon [_thread_blocked, id=14960, stack(0x000000e2a4bd0000,0x000000e2a4dc0000)]
  0x00000266c4691000 JavaThread "C1 CompilerThread3" daemon [_thread_blocked, id=13384, stack(0x000000e2a49e0000,0x000000e2a4bd0000)]
  0x00000266c468f800 JavaThread "C2 CompilerThread2" daemon [_thread_blocked, id=8668, stack(0x000000e2a47f0000,0x000000e2a49e0000)]
  0x00000266c468e800 JavaThread "C2 CompilerThread1" daemon [_thread_in_native, id=7552, stack(0x000000e2a4600000,0x000000e2a47f0000)]
  0x00000266c4673800 JavaThread "C2 CompilerThread0" daemon [_thread_blocked, id=7460, stack(0x000000e2a4410000,0x000000e2a4600000)]
  0x00000266c468b800 JavaThread "Attach Listener" daemon [_thread_blocked, id=24476, stack(0x000000e2a4220000,0x000000e2a4410000)]
  0x00000266c465d800 JavaThread "Signal Dispatcher" daemon [_thread_blocked, id=7012, stack(0x000000e2a4030000,0x000000e2a4220000)]
  0x00000266c4651800 JavaThread "Finalizer" daemon [_thread_blocked, id=15364, stack(0x000000e2a3e40000,0x000000e2a4030000)]
  0x00000266c4649000 JavaThread "Reference Handler" daemon [_thread_blocked, id=5268, stack(0x000000e2a3c50000,0x000000e2a3e40000)]
  0x00000266c435c000 JavaThread "main" [_thread_in_vm, id=5472, stack(0x000000e2a28f0000,0x000000e2a2ae0000)]

Other Threads:
  0x00000266c43bb800 VMThread [stack: 0x000000e2a3a60000,0x000000e2a3c50000] [id=14392]
  0x00000266c46be800 WatcherThread [stack: 0x000000e2a4dc0000,0x000000e2a4fb0000] [id=8112]

VM state:not at safepoint (normal execution)

VM Mutex/Monitor currently owned by a thread: None

heap address: 0x00000000c0000000, size: 1024 MB, Compressed Oops mode: 32-bit
Narrow klass base: 0x0000000000000000, Narrow klass shift: 3
Compressed class space size: 1073741824 Address: 0x0000000100000000

Heap:
 PSYoungGen      total 75776K, used 13575K [0x00000000eab00000, 0x00000000eff80000, 0x0000000100000000)
  eden space 65024K, 20% used [0x00000000eab00000,0x00000000eb841d38,0x00000000eea80000)
  from space 10752K, 0% used [0x00000000eea80000,0x00000000eea80000,0x00000000ef500000)
  to   space 10752K, 0% used [0x00000000ef500000,0x00000000ef500000,0x00000000eff80000)
 ParOldGen       total 173568K, used 1224K [0x00000000c0000000, 0x00000000ca980000, 0x00000000eab00000)
  object space 173568K, 0% used [0x00000000c0000000,0x00000000c01320f8,0x00000000ca980000)
 Metaspace       used 5532K, capacity 5722K, committed 5888K, reserved 1056768K
  class space    used 571K, capacity 673K, committed 768K, reserved 1048576K

Card table byte_map: [0x00000266d7980000,0x00000266d7b90000] byte_map_base: 0x00000266d7380000

Marking Bits: (ParMarkBitMap*) 0x0000000064987fe0
 Begin Bits: [0x00000266d7cf0000, 0x00000266d8cf0000)
 End Bits:   [0x00000266d8cf0000, 0x00000266d9cf0000)

Polling page: 0x00000266c6760000

CodeCache: size=245760Kb used=2508Kb max_used=2508Kb free=243251Kb
 bounds [0x00000266c85c0000, 0x00000266c8840000, 0x00000266d75c0000]
 total_blobs=920 nmethods=619 adapters=214
 compilation: enabled

Compilation events (10 events):
Event: 0.220 Thread 0x00000266c468f800 nmethod 291 0x00000266c8780590 code [0x00000266c87806e0, 0x00000266c8780898]
Event: 0.221 Thread 0x00000266c4691000  293   !   3       java.io.BufferedReader::readLine (304 bytes)
Event: 0.222 Thread 0x00000266c4691000 nmethod 293 0x00000266c8780990 code [0x00000266c8780c20, 0x00000266c8782010]
Event: 0.222 Thread 0x00000266c4691000  294       3       java.util.BitSet::wordIndex (5 bytes)
Event: 0.222 Thread 0x00000266c4691000 nmethod 294 0x00000266c877e5d0 code [0x00000266c877e720, 0x00000266c877e858]
Event: 0.222 Thread 0x00000266c4691000  295       3       java.util.BitSet::checkInvariants (111 bytes)
Event: 0.222 Thread 0x00000266c4691000 nmethod 295 0x00000266c877e250 code [0x00000266c877e3a0, 0x00000266c877e538]
Event: 0.223 Thread 0x00000266c4691000  296       3       java.io.WinNTFileSystem::isLetter (30 bytes)
Event: 0.223 Thread 0x00000266c4691000 nmethod 296 0x00000266c877de10 code [0x00000266c877df80, 0x00000266c877e1d8]
Event: 0.225 Thread 0x00000266c4691000  297       1       java.nio.Buffer::position (5 bytes)

GC Heap History (4 events):
Event: 0.152 GC heap before
{Heap before GC invocations=1 (full 0):
 PSYoungGen      total 75776K, used 6502K [0x00000000eab00000, 0x00000000eff80000, 0x0000000100000000)
  eden space 65024K, 10% used [0x00000000eab00000,0x00000000eb159a20,0x00000000eea80000)
  from space 10752K, 0% used [0x00000000ef500000,0x00000000ef500000,0x00000000eff80000)
  to   space 10752K, 0% used [0x00000000eea80000,0x00000000eea80000,0x00000000ef500000)
 ParOldGen       total 173568K, used 0K [0x00000000c0000000, 0x00000000ca980000, 0x00000000eab00000)
  object space 173568K, 0% used [0x00000000c0000000,0x00000000c0000000,0x00000000ca980000)
 Metaspace       used 3578K, capacity 4670K, committed 4864K, reserved 1056768K
  class space    used 392K, capacity 426K, committed 512K, reserved 1048576K
Event: 0.153 GC heap after
Heap after GC invocations=1 (full 0):
 PSYoungGen      total 75776K, used 1401K [0x00000000eab00000, 0x00000000eff80000, 0x0000000100000000)
  eden space 65024K, 0% used [0x00000000eab00000,0x00000000eab00000,0x00000000eea80000)
  from space 10752K, 13% used [0x00000000eea80000,0x00000000eebde620,0x00000000ef500000)
  to   space 10752K, 0% used [0x00000000ef500000,0x00000000ef500000,0x00000000eff80000)
 ParOldGen       total 173568K, used 8K [0x00000000c0000000, 0x00000000ca980000, 0x00000000eab00000)
  object space 173568K, 0% used [0x00000000c0000000,0x00000000c0002000,0x00000000ca980000)
 Metaspace       used 3578K, capacity 4670K, committed 4864K, reserved 1056768K
  class space    used 392K, capacity 426K, committed 512K, reserved 1048576K
}
Event: 0.153 GC heap before
{Heap before GC invocations=2 (full 1):
 PSYoungGen      total 75776K, used 1401K [0x00000000eab00000, 0x00000000eff80000, 0x0000000100000000)
  eden space 65024K, 0% used [0x00000000eab00000,0x00000000eab00000,0x00000000eea80000)
  from space 10752K, 13% used [0x00000000eea80000,0x00000000eebde620,0x00000000ef500000)
  to   space 10752K, 0% used [0x00000000ef500000,0x00000000ef500000,0x00000000eff80000)
 ParOldGen       total 173568K, used 8K [0x00000000c0000000, 0x00000000ca980000, 0x00000000eab00000)
  object space 173568K, 0% used [0x00000000c0000000,0x00000000c0002000,0x00000000ca980000)
 Metaspace       used 3578K, capacity 4670K, committed 4864K, reserved 1056768K
  class space    used 392K, capacity 426K, committed 512K, reserved 1048576K
Event: 0.159 GC heap after
Heap after GC invocations=2 (full 1):
 PSYoungGen      total 75776K, used 0K [0x00000000eab00000, 0x00000000eff80000, 0x0000000100000000)
  eden space 65024K, 0% used [0x00000000eab00000,0x00000000eab00000,0x00000000eea80000)
  from space 10752K, 0% used [0x00000000eea80000,0x00000000eea80000,0x00000000ef500000)
  to   space 10752K, 0% used [0x00000000ef500000,0x00000000ef500000,0x00000000eff80000)
 ParOldGen       total 173568K, used 1224K [0x00000000c0000000, 0x00000000ca980000, 0x00000000eab00000)
  object space 173568K, 0% used [0x00000000c0000000,0x00000000c01320f8,0x00000000ca980000)
 Metaspace       used 3578K, capacity 4670K, committed 4864K, reserved 1056768K
  class space    used 392K, capacity 426K, committed 512K, reserved 1048576K
}

Deoptimization events (0 events):
No events

Classes redefined (0 events):
No events

Internal exceptions (10 events):
Event: 0.051 Thread 0x00000266c435c000 Exception <a 'java/io/IOException'> (0x00000000eaba29b8) thrown at [C:\jenkins\workspace\8-2-build-windows-amd64-cygwin\jdk8u291\1294\hotspot\src\share\vm\prims\jni.cpp, line 710]
Event: 0.052 Thread 0x00000266c435c000 Exception <a 'java/io/IOException'> (0x00000000eababbb0) thrown at [C:\jenkins\workspace\8-2-build-windows-amd64-cygwin\jdk8u291\1294\hotspot\src\share\vm\prims\jni.cpp, line 710]
Event: 0.095 Thread 0x00000266c435c000 Exception <a 'java/security/PrivilegedActionException'> (0x00000000eadd9988) thrown at [C:\jenkins\workspace\8-2-build-windows-amd64-cygwin\jdk8u291\1294\hotspot\src\share\vm\prims\jvm.cpp, line 1523]
Event: 0.095 Thread 0x00000266c435c000 Exception <a 'java/security/PrivilegedActionException'> (0x00000000eadd9b98) thrown at [C:\jenkins\workspace\8-2-build-windows-amd64-cygwin\jdk8u291\1294\hotspot\src\share\vm\prims\jvm.cpp, line 1523]
Event: 0.101 Thread 0x00000266c435c000 Exception <a 'java/security/PrivilegedActionException'> (0x00000000eae53d30) thrown at [C:\jenkins\workspace\8-2-build-windows-amd64-cygwin\jdk8u291\1294\hotspot\src\share\vm\prims\jvm.cpp, line 1523]
Event: 0.101 Thread 0x00000266c435c000 Exception <a 'java/security/PrivilegedActionException'> (0x00000000eae53f40) thrown at [C:\jenkins\workspace\8-2-build-windows-amd64-cygwin\jdk8u291\1294\hotspot\src\share\vm\prims\jvm.cpp, line 1523]
Event: 0.223 Thread 0x00000266c435c000 Exception <a 'java/security/PrivilegedActionException'> (0x00000000eacb3598) thrown at [C:\jenkins\workspace\8-2-build-windows-amd64-cygwin\jdk8u291\1294\hotspot\src\share\vm\prims\jvm.cpp, line 1523]
Event: 0.223 Thread 0x00000266c435c000 Exception <a 'java/security/PrivilegedActionException'> (0x00000000eacb37a8) thrown at [C:\jenkins\workspace\8-2-build-windows-amd64-cygwin\jdk8u291\1294\hotspot\src\share\vm\prims\jvm.cpp, line 1523]
Event: 0.224 Thread 0x00000266c435c000 Exception <a 'java/security/PrivilegedActionException'> (0x00000000eacb78a0) thrown at [C:\jenkins\workspace\8-2-build-windows-amd64-cygwin\jdk8u291\1294\hotspot\src\share\vm\prims\jvm.cpp, line 1523]
Event: 0.224 Thread 0x00000266c435c000 Exception <a 'java/security/PrivilegedActionException'> (0x00000000eacb7ab0) thrown at [C:\jenkins\workspace\8-2-build-windows-amd64-cygwin\jdk8u291\1294\hotspot\src\share\vm\prims\jvm.cpp, line 1523]

Events (10 events):
Event: 0.225 loading class sun/net/www/protocol/file/FileURLConnection done
Event: 0.225 loading class sun/net/www/MessageHeader
Event: 0.225 loading class sun/net/www/MessageHeader done
Event: 0.225 loading class sun/net/www/protocol/jar/URLJarFile
Event: 0.225 loading class sun/net/www/protocol/jar/URLJarFile done
Event: 0.225 Executing VM operation: Deoptimize
Event: 0.225 Executing VM operation: Deoptimize done
Event: 0.225 loading class sun/net/www/protocol/jar/URLJarFile$URLJarFileEntry
Event: 0.225 loading class sun/net/www/protocol/jar/URLJarFile$URLJarFileEntry done
Event: 0.225 loading class sun/net/www/protocol/jar/JarURLConnection$JarURLInputStream


Dynamic libraries:
0x00007ff7a8640000 - 0x00007ff7a865c000 	C:\ProgramData\Anaconda3\envs\venv\python.exe
0x00007ffccc460000 - 0x00007ffccc650000 	C:\WINDOWS\SYSTEM32\ntdll.dll
0x00007ffccbb10000 - 0x00007ffccbbc2000 	C:\WINDOWS\System32\KERNEL32.DLL
0x00007ffcc96f0000 - 0x00007ffcc9995000 	C:\WINDOWS\System32\KERNELBASE.dll
0x00007ffcca410000 - 0x00007ffcca50a000 	C:\WINDOWS\System32\ucrtbase.dll
0x00007ffcb8150000 - 0x00007ffcb8169000 	C:\ProgramData\Anaconda3\envs\venv\VCRUNTIME140.dll
0x00007ffc76220000 - 0x00007ffc76652000 	C:\ProgramData\Anaconda3\envs\venv\python38.dll
0x00007ffccbd10000 - 0x00007ffccbd62000 	C:\WINDOWS\System32\SHLWAPI.dll
0x00007ffcca600000 - 0x00007ffcca69e000 	C:\WINDOWS\System32\msvcrt.dll
0x00007ffccb6c0000 - 0x00007ffccb9f6000 	C:\WINDOWS\System32\combase.dll
0x00007ffcc7da0000 - 0x00007ffcc7daa000 	C:\WINDOWS\SYSTEM32\VERSION.dll
0x00007ffccc260000 - 0x00007ffccc380000 	C:\WINDOWS\System32\RPCRT4.dll
0x00007ffcca130000 - 0x00007ffcca1b1000 	C:\WINDOWS\System32\bcryptPrimitives.dll
0x00007ffccbae0000 - 0x00007ffccbb06000 	C:\WINDOWS\System32\GDI32.dll
0x00007ffcc96c0000 - 0x00007ffcc96e1000 	C:\WINDOWS\System32\win32u.dll
0x00007ffcc9480000 - 0x00007ffcc9616000 	C:\WINDOWS\System32\gdi32full.dll
0x00007ffcc9620000 - 0x00007ffcc96be000 	C:\WINDOWS\System32\msvcp_win.dll
0x00007ffccbd90000 - 0x00007ffccbf24000 	C:\WINDOWS\System32\USER32.dll
0x00007ffccc170000 - 0x00007ffccc1df000 	C:\WINDOWS\System32\WS2_32.dll
0x00007ffccab70000 - 0x00007ffccac13000 	C:\WINDOWS\System32\ADVAPI32.dll
0x00007ffccc380000 - 0x00007ffccc417000 	C:\WINDOWS\System32\sechost.dll
0x00007ffcca510000 - 0x00007ffcca53e000 	C:\WINDOWS\System32\IMM32.DLL
0x00007ffcca210000 - 0x00007ffcca227000 	C:\WINDOWS\System32\CRYPTSP.dll
0x00007ffcc8620000 - 0x00007ffcc8653000 	C:\WINDOWS\system32\rsaenh.dll
0x00007ffcca3e0000 - 0x00007ffcca406000 	C:\WINDOWS\System32\bcrypt.dll
0x00007ffcc8cb0000 - 0x00007ffcc8cbc000 	C:\WINDOWS\SYSTEM32\CRYPTBASE.dll
0x00007ffcc7020000 - 0x00007ffcc702f000 	C:\ProgramData\Anaconda3\envs\venv\python3.DLL
0x00007ffcb2210000 - 0x00007ffcb2227000 	C:\ProgramData\Anaconda3\envs\venv\DLLs\_bz2.pyd
0x00007ffcb21e0000 - 0x00007ffcb220a000 	C:\ProgramData\Anaconda3\envs\venv\DLLs\_lzma.pyd
0x00007ffc9e0d0000 - 0x00007ffc9e0e6000 	C:\ProgramData\Anaconda3\envs\venv\DLLs\_socket.pyd
0x00007ffcc8820000 - 0x00007ffcc885a000 	C:\WINDOWS\SYSTEM32\IPHLPAPI.DLL
0x00007ffcb3bb0000 - 0x00007ffcb3bb9000 	C:\ProgramData\Anaconda3\envs\venv\DLLs\select.pyd
0x00007ffc97720000 - 0x00007ffc97747000 	C:\ProgramData\Anaconda3\envs\venv\DLLs\_ssl.pyd
0x00007ffcca230000 - 0x00007ffcca379000 	C:\WINDOWS\System32\CRYPT32.dll
0x00007ffcc93b0000 - 0x00007ffcc93c2000 	C:\WINDOWS\System32\MSASN1.dll
0x00007ffc922d0000 - 0x00007ffc9237c000 	C:\ProgramData\Anaconda3\envs\venv\Library\bin\libssl-1_1-x64.dll
0x00007ffc75140000 - 0x00007ffc7548a000 	C:\ProgramData\Anaconda3\envs\venv\Library\bin\libcrypto-1_1-x64.dll
0x00007ffc9b6f0000 - 0x00007ffc9b702000 	C:\ProgramData\Anaconda3\envs\venv\DLLs\_asyncio.pyd
0x00007ffcb1970000 - 0x00007ffcb197d000 	C:\ProgramData\Anaconda3\envs\venv\DLLs\_overlapped.pyd
0x00007ffcc8b10000 - 0x00007ffcc8b77000 	C:\WINDOWS\system32\mswsock.dll
0x00007ffcb2160000 - 0x00007ffcb2169000 	C:\ProgramData\Anaconda3\envs\venv\DLLs\_queue.pyd
0x00007ffcb4190000 - 0x00007ffcb419d000 	C:\ProgramData\Anaconda3\envs\venv\DLLs\_hashlib.pyd
0x00007ffcb21c0000 - 0x00007ffcb21e0000 	C:\ProgramData\Anaconda3\envs\venv\DLLs\_ctypes.pyd
0x00007ffccbf30000 - 0x00007ffccc087000 	C:\WINDOWS\System32\ole32.dll
0x00007ffcb4bf0000 - 0x00007ffcb4bfb000 	C:\ProgramData\Anaconda3\envs\venv\DLLs\libffi-7.dll
0x00007ffccb5f0000 - 0x00007ffccb6b5000 	C:\WINDOWS\System32\OLEAUT32.dll
0x00007ffc9e560000 - 0x00007ffc9e5a3000 	C:\ProgramData\Anaconda3\envs\venv\DLLs\_decimal.pyd
0x00007ffc8d760000 - 0x00007ffc8d86e000 	C:\ProgramData\Anaconda3\envs\venv\DLLs\unicodedata.pyd
0x0000000066d80000 - 0x0000000068b11000 	C:\Users\bitcamp\AppData\Roaming\Python\Python38\site-packages\numpy\.libs\libopenblas.WCDJNK7YVMPZQ2ME2ZZHJJRJ3JIKNDB7.gfortran-win_amd64.dll
0x00007ffc75490000 - 0x00007ffc75759000 	C:\Users\bitcamp\AppData\Roaming\Python\Python38\site-packages\numpy\core\_multiarray_umath.cp38-win_amd64.pyd
0x00007ffcb21a0000 - 0x00007ffcb21bf000 	C:\Users\bitcamp\AppData\Roaming\Python\Python38\site-packages\numpy\core\_multiarray_tests.cp38-win_amd64.pyd
0x00007ffcb4960000 - 0x00007ffcb4969000 	C:\Users\bitcamp\AppData\Roaming\Python\Python38\site-packages\numpy\linalg\lapack_lite.cp38-win_amd64.pyd
0x00007ffca9420000 - 0x00007ffca944a000 	C:\Users\bitcamp\AppData\Roaming\Python\Python38\site-packages\numpy\linalg\_umath_linalg.cp38-win_amd64.pyd
0x00007ffcb2180000 - 0x00007ffcb21a0000 	C:\Users\bitcamp\AppData\Roaming\Python\Python38\site-packages\numpy\fft\_pocketfft_internal.cp38-win_amd64.pyd
0x00007ffc97750000 - 0x00007ffc977e0000 	C:\Users\bitcamp\AppData\Roaming\Python\Python38\site-packages\numpy\random\mtrand.cp38-win_amd64.pyd
0x00007ffca8d60000 - 0x00007ffca8d89000 	C:\Users\bitcamp\AppData\Roaming\Python\Python38\site-packages\numpy\random\bit_generator.cp38-win_amd64.pyd
0x00007ffc9e520000 - 0x00007ffc9e552000 	C:\Users\bitcamp\AppData\Roaming\Python\Python38\site-packages\numpy\random\_common.cp38-win_amd64.pyd
0x00007ffc9e0f0000 - 0x00007ffc9e130000 	C:\Users\bitcamp\AppData\Roaming\Python\Python38\site-packages\numpy\random\_bounded_integers.cp38-win_amd64.pyd
0x00007ffcaebe0000 - 0x00007ffcaebf8000 	C:\Users\bitcamp\AppData\Roaming\Python\Python38\site-packages\numpy\random\_mt19937.cp38-win_amd64.pyd
0x00007ffcae320000 - 0x00007ffcae337000 	C:\Users\bitcamp\AppData\Roaming\Python\Python38\site-packages\numpy\random\_philox.cp38-win_amd64.pyd
0x00007ffcab4f0000 - 0x00007ffcab505000 	C:\Users\bitcamp\AppData\Roaming\Python\Python38\site-packages\numpy\random\_pcg64.cp38-win_amd64.pyd
0x00007ffca6140000 - 0x00007ffca6152000 	C:\Users\bitcamp\AppData\Roaming\Python\Python38\site-packages\numpy\random\_sfc64.cp38-win_amd64.pyd
0x00007ffc96b20000 - 0x00007ffc96bc5000 	C:\Users\bitcamp\AppData\Roaming\Python\Python38\site-packages\numpy\random\_generator.cp38-win_amd64.pyd
0x00007ffc8aff0000 - 0x00007ffc8b0fc000 	C:\ProgramData\Anaconda3\envs\venv\lib\site-packages\pandas\_libs\interval.cp38-win_amd64.pyd
0x00007ffc89ad0000 - 0x00007ffc89bc8000 	C:\ProgramData\Anaconda3\envs\venv\lib\site-packages\pandas\_libs\hashtable.cp38-win_amd64.pyd
0x00007ffc96af0000 - 0x00007ffc96b1b000 	C:\ProgramData\Anaconda3\envs\venv\lib\site-packages\pandas\_libs\missing.cp38-win_amd64.pyd
0x00007ffc9b140000 - 0x00007ffc9b15e000 	C:\ProgramData\Anaconda3\envs\venv\lib\site-packages\pandas\_libs\tslibs\dtypes.cp38-win_amd64.pyd
0x00007ffc92290000 - 0x00007ffc922cc000 	C:\ProgramData\Anaconda3\envs\venv\lib\site-packages\pandas\_libs\tslibs\conversion.cp38-win_amd64.pyd
0x00007ffcb1480000 - 0x00007ffcb148f000 	C:\ProgramData\Anaconda3\envs\venv\lib\site-packages\pandas\_libs\tslibs\base.cp38-win_amd64.pyd
0x00007ffc90ca0000 - 0x00007ffc90cd2000 	C:\ProgramData\Anaconda3\envs\venv\lib\site-packages\pandas\_libs\tslibs\nattype.cp38-win_amd64.pyd
0x00007ffcb0dc0000 - 0x00007ffcb0dcf000 	C:\ProgramData\Anaconda3\envs\venv\lib\site-packages\pandas\_libs\tslibs\np_datetime.cp38-win_amd64.pyd
0x00007ffc90c60000 - 0x00007ffc90c94000 	C:\ProgramData\Anaconda3\envs\venv\lib\site-packages\pandas\_libs\tslibs\timezones.cp38-win_amd64.pyd
0x00007ffc90c20000 - 0x00007ffc90c5c000 	C:\ProgramData\Anaconda3\envs\venv\lib\site-packages\pandas\_libs\tslibs\tzconversion.cp38-win_amd64.pyd
0x00007ffc965a0000 - 0x00007ffc965b2000 	C:\ProgramData\Anaconda3\envs\venv\lib\site-packages\pandas\_libs\tslibs\ccalendar.cp38-win_amd64.pyd
0x00007ffc90620000 - 0x00007ffc90671000 	C:\ProgramData\Anaconda3\envs\venv\lib\site-packages\pandas\_libs\tslibs\parsing.cp38-win_amd64.pyd
0x00007ffc89e40000 - 0x00007ffc89f08000 	C:\ProgramData\Anaconda3\envs\venv\lib\site-packages\pandas\_libs\tslibs\offsets.cp38-win_amd64.pyd
0x00007ffc8efa0000 - 0x00007ffc8effd000 	C:\ProgramData\Anaconda3\envs\venv\lib\site-packages\pandas\_libs\tslibs\timedeltas.cp38-win_amd64.pyd
0x00007ffc8ebe0000 - 0x00007ffc8ec40000 	C:\ProgramData\Anaconda3\envs\venv\lib\site-packages\pandas\_libs\tslibs\timestamps.cp38-win_amd64.pyd
0x00007ffc8d600000 - 0x00007ffc8d638000 	C:\ProgramData\Anaconda3\envs\venv\lib\site-packages\pandas\_libs\tslibs\fields.cp38-win_amd64.pyd
0x00007ffc8c150000 - 0x00007ffc8c19e000 	C:\ProgramData\Anaconda3\envs\venv\lib\site-packages\pandas\_libs\tslibs\strptime.cp38-win_amd64.pyd
0x00007ffc96200000 - 0x00007ffc96213000 	C:\ProgramData\Anaconda3\envs\venv\lib\site-packages\pandas\_libs\properties.cp38-win_amd64.pyd
0x00007ffc8bef0000 - 0x00007ffc8bf4b000 	C:\ProgramData\Anaconda3\envs\venv\lib\site-packages\pandas\_libs\tslibs\period.cp38-win_amd64.pyd
0x00007ffc8c110000 - 0x00007ffc8c144000 	C:\ProgramData\Anaconda3\envs\venv\lib\site-packages\pandas\_libs\tslibs\vectorized.cp38-win_amd64.pyd
0x00007ffc93de0000 - 0x00007ffc93df2000 	C:\ProgramData\Anaconda3\envs\venv\lib\site-packages\pandas\_libs\ops_dispatch.cp38-win_amd64.pyd
0x00007ffc89140000 - 0x00007ffc89276000 	C:\ProgramData\Anaconda3\envs\venv\lib\site-packages\pandas\_libs\algos.cp38-win_amd64.pyd
0x00007ffc89a50000 - 0x00007ffc89ac2000 	C:\ProgramData\Anaconda3\envs\venv\lib\site-packages\pandas\_libs\lib.cp38-win_amd64.pyd
0x00007ffc919c0000 - 0x00007ffc919e6000 	C:\ProgramData\Anaconda3\envs\venv\lib\site-packages\pandas\_libs\tslib.cp38-win_amd64.pyd
0x00007ffc90310000 - 0x00007ffc9033b000 	C:\ProgramData\Anaconda3\envs\venv\lib\site-packages\pandas\_libs\hashing.cp38-win_amd64.pyd
0x00007ffc8b420000 - 0x00007ffc8b452000 	C:\ProgramData\Anaconda3\envs\venv\lib\site-packages\pandas\_libs\ops.cp38-win_amd64.pyd
0x00007ffc93d10000 - 0x00007ffc93d29000 	C:\ProgramData\Anaconda3\envs\venv\lib\site-packages\bottleneck\reduce.cp38-win_amd64.pyd
0x00007ffcaf150000 - 0x00007ffcaf15a000 	C:\ProgramData\Anaconda3\envs\venv\lib\site-packages\bottleneck\nonreduce.cp38-win_amd64.pyd
0x00007ffcaeba0000 - 0x00007ffcaebaf000 	C:\ProgramData\Anaconda3\envs\venv\lib\site-packages\bottleneck\nonreduce_axis.cp38-win_amd64.pyd
0x00007ffc93890000 - 0x00007ffc938a9000 	C:\ProgramData\Anaconda3\envs\venv\lib\site-packages\bottleneck\move.cp38-win_amd64.pyd
0x00007ffc890c0000 - 0x00007ffc89134000 	C:\ProgramData\Anaconda3\envs\venv\lib\site-packages\pandas\_libs\index.cp38-win_amd64.pyd
0x00007ffc77d30000 - 0x00007ffc77f07000 	C:\ProgramData\Anaconda3\envs\venv\lib\site-packages\pandas\_libs\join.cp38-win_amd64.pyd
0x00007ffc887a0000 - 0x00007ffc88868000 	C:\ProgramData\Anaconda3\envs\venv\lib\site-packages\pandas\_libs\sparse.cp38-win_amd64.pyd
0x00007ffc8a580000 - 0x00007ffc8a5c3000 	C:\ProgramData\Anaconda3\envs\venv\lib\site-packages\pandas\_libs\reduction.cp38-win_amd64.pyd
0x00007ffcae9a0000 - 0x00007ffcae9b0000 	C:\ProgramData\Anaconda3\envs\venv\lib\site-packages\pandas\_libs\indexing.cp38-win_amd64.pyd
0x00007ffc8ae00000 - 0x00007ffc8ae38000 	C:\ProgramData\Anaconda3\envs\venv\lib\site-packages\pandas\_libs\internals.cp38-win_amd64.pyd
0x00007ffc88760000 - 0x00007ffc88791000 	C:\ProgramData\Anaconda3\envs\venv\lib\site-packages\pandas\_libs\writers.cp38-win_amd64.pyd
0x00007ffc88470000 - 0x00007ffc884bf000 	C:\ProgramData\Anaconda3\envs\venv\lib\site-packages\pandas\_libs\window\aggregations.cp38-win_amd64.pyd
0x00007ffc93c70000 - 0x00007ffc93cfd000 	C:\WINDOWS\SYSTEM32\MSVCP140.dll
0x00007ffcc7e30000 - 0x00007ffcc7e3c000 	C:\WINDOWS\SYSTEM32\VCRUNTIME140_1.dll
0x00007ffc8f2b0000 - 0x00007ffc8f2d9000 	C:\ProgramData\Anaconda3\envs\venv\lib\site-packages\pandas\_libs\window\indexers.cp38-win_amd64.pyd
0x00007ffc88430000 - 0x00007ffc8846c000 	C:\ProgramData\Anaconda3\envs\venv\lib\site-packages\pandas\_libs\reshape.cp38-win_amd64.pyd
0x00007ffc83180000 - 0x00007ffc8325f000 	C:\ProgramData\Anaconda3\envs\venv\lib\site-packages\pandas\_libs\groupby.cp38-win_amd64.pyd
0x00007ffc883c0000 - 0x00007ffc88425000 	C:\ProgramData\Anaconda3\envs\venv\lib\site-packages\pandas\_libs\parsers.cp38-win_amd64.pyd
0x00007ffc92270000 - 0x00007ffc92285000 	C:\ProgramData\Anaconda3\envs\venv\lib\site-packages\pandas\_libs\json.cp38-win_amd64.pyd
0x00007ffc90600000 - 0x00007ffc90616000 	C:\ProgramData\Anaconda3\envs\venv\lib\site-packages\pandas\_libs\testing.cp38-win_amd64.pyd
0x00007ffc830b0000 - 0x00007ffc83180000 	C:\ProgramData\Anaconda3\envs\venv\lib\site-packages\brotli\_brotli.pyd
0x00007ffc83310000 - 0x00007ffc83344000 	C:\ProgramData\Anaconda3\envs\venv\lib\site-packages\_cffi_backend.cp38-win_amd64.pyd
0x00007ffcb6600000 - 0x00007ffcb662e000 	C:\Users\bitcamp\AppData\Roaming\Python\Python38\site-packages\sklearn\.libs\vcomp140.dll
0x00007ffca6060000 - 0x00007ffca607a000 	C:\Users\bitcamp\AppData\Roaming\Python\Python38\site-packages\sklearn\.libs\vcruntime140.dll
0x00007ffcc7a20000 - 0x00007ffcc7a2c000 	C:\Users\bitcamp\AppData\Roaming\Python\Python38\site-packages\sklearn\.libs\vcruntime140_1.dll
0x00007ffcb65f0000 - 0x00007ffcb65fa000 	C:\Users\bitcamp\AppData\Roaming\Python\Python38\site-packages\sklearn\__check_build\_check_build.cp38-win_amd64.pyd
0x00007ffca6040000 - 0x00007ffca6054000 	C:\ProgramData\Anaconda3\envs\venv\lib\site-packages\scipy\_lib\_ccallback_c.cp38-win_amd64.pyd
0x00007ffc91fc0000 - 0x00007ffc921d9000 	C:\ProgramData\Anaconda3\envs\venv\lib\site-packages\scipy\sparse\_sparsetools.cp38-win_amd64.pyd
0x00007ffc93bf0000 - 0x00007ffc93c6f000 	C:\ProgramData\Anaconda3\envs\venv\lib\site-packages\scipy\sparse\_csparsetools.cp38-win_amd64.pyd
0x00007ffc9e3b0000 - 0x00007ffc9e404000 	C:\ProgramData\Anaconda3\envs\venv\lib\site-packages\scipy\sparse\csgraph\_shortest_path.cp38-win_amd64.pyd
0x00007ffca58e0000 - 0x00007ffca5903000 	C:\ProgramData\Anaconda3\envs\venv\lib\site-packages\scipy\sparse\csgraph\_tools.cp38-win_amd64.pyd
0x00007ffc9e630000 - 0x00007ffc9e651000 	C:\ProgramData\Anaconda3\envs\venv\lib\site-packages\scipy\sparse\csgraph\_traversal.cp38-win_amd64.pyd
0x00007ffc93db0000 - 0x00007ffc93ddb000 	C:\ProgramData\Anaconda3\envs\venv\lib\site-packages\scipy\sparse\csgraph\_min_spanning_tree.cp38-win_amd64.pyd
0x00007ffc93bb0000 - 0x00007ffc93be6000 	C:\ProgramData\Anaconda3\envs\venv\lib\site-packages\scipy\sparse\csgraph\_flow.cp38-win_amd64.pyd
0x00007ffc93b70000 - 0x00007ffc93bad000 	C:\ProgramData\Anaconda3\envs\venv\lib\site-packages\scipy\sparse\csgraph\_matching.cp38-win_amd64.pyd
0x00007ffc93b30000 - 0x00007ffc93b68000 	C:\ProgramData\Anaconda3\envs\venv\lib\site-packages\scipy\sparse\csgraph\_reordering.cp38-win_amd64.pyd
0x00007ffca58c0000 - 0x00007ffca58d8000 	C:\Users\bitcamp\AppData\Roaming\Python\Python38\site-packages\sklearn\utils\murmurhash.cp38-win_amd64.pyd
0x00007ffcb2c70000 - 0x00007ffcb2c79000 	C:\ProgramData\Anaconda3\envs\venv\DLLs\_multiprocessing.pyd
0x00007ffc93d90000 - 0x00007ffc93da7000 	C:\ProgramData\Anaconda3\envs\venv\lib\site-packages\psutil\_psutil_windows.cp38-win_amd64.pyd

VM Arguments:
jvm_args: -Dfile.encoding=UTF8 -ea -Xmx1024m 
java_command: <unknown>
java_class_path (initial): C:\Users\bitcamp\AppData\Roaming\Python\Python38\site-packages\konlpy\java;C:\Users\bitcamp\AppData\Roaming\Python\Python38\site-packages\konlpy\java\bin;C:\Users\bitcamp\AppData\Roaming\Python\Python38\site-packages\konlpy\java\*;C:\Users\bitcamp\AppData\Roaming\Python\Python38\site-packages\konlpy\java\jhannanum-0.8.4.jar;C:\Users\bitcamp\AppData\Roaming\Python\Python38\site-packages\konlpy\java\kkma-2.0.jar;C:\Users\bitcamp\AppData\Roaming\Python\Python38\site-packages\konlpy\java\aho-corasick.jar;C:\Users\bitcamp\AppData\Roaming\Python\Python38\site-packages\konlpy\java\shineware-common-1.0.jar;C:\Users\bitcamp\AppData\Roaming\Python\Python38\site-packages\konlpy\java\shineware-ds-1.0.jar;C:\Users\bitcamp\AppData\Roaming\Python\Python38\site-packages\konlpy\java\komoran-3.0.jar;C:\Users\bitcamp\AppData\Roaming\Python\Python38\site-packages\konlpy\java\snakeyaml-1.12.jar;C:\Users\bitcamp\AppData\Roaming\Python\Python38\site-packages\konlpy\java\scala-library-2.12.3.jar;C:\Users\bitcamp\AppData\Roaming\Python\Python38\site-packages\konlpy\java\open-korean-text-2.1.0.jar;C:\Users\bitcamp\AppData\Roaming\Python\Python38\site-packages\konlpy\java\twitter-text-1.14.7.jar;C:\Users\bitcamp\AppData\Roaming\Python\Python38\site-packages\konlpy\java\*
Launcher Type: generic

Environment Variables:
JAVA_HOME=C:\Program Files\Java\jdk1.8.0_291
PATH=C:\Users\bitcamp\AppData\Roaming\Python\Python38\site-packages\PyQt5\Qt\bin;C:\ProgramData\Anaconda3\envs\venv;C:\ProgramData\Anaconda3\envs\venv\Library\mingw-w64\bin;C:\ProgramData\Anaconda3\envs\venv\Library\usr\bin;C:\ProgramData\Anaconda3\envs\venv\Library\bin;C:\ProgramData\Anaconda3\envs\venv\Scripts;C:\ProgramData\Anaconda3\envs\venv\bin;C:\ProgramData\Anaconda3\condabin;C:\WINDOWS\system32;C:\WINDOWS;C:\WINDOWS\System32\Wbem;C:\WINDOWS\System32\WindowsPowerShell\v1.0;C:\WINDOWS\System32\OpenSSH;C:\Program Files\Java\jdk1.8.0_291;C:\Program Files\MongoDB\Server\5.0\bin;C:\Program Files\Git\cmd;C:\Program Files\MongoDB\Server\5.0\bin;C:\Program Files\nodejs;\Program Files\nodejs\Program Files\Java\jdk-11.0.12;C:\Program Files\Java\jdk-11\bin;C:\ProgramData\Anaconda3;C:\ProgramData\Anaconda3\Scripts;C:\ProgramData\Anaconda3\Library\bin;C:\ProgramData\Anaconda3\Library\mingw-w64wbin;.;C:\Program Files\Docker\Docker\resources\bin;C:\ProgramData\DockerDesktop\version-bin;C:\Program Files\MySQL\MySQL Shell 8.0\bin;C:\Users\bitcamp\AppData\Local\Microsoft\WindowsApps;;;C:\Program Files\JetBrains\PyCharm 2021.1.3\bin;.;C:\Users\bitcamp\AppData\Local\Programs\Microsoft VS Code\bin;C:\Users\bitcamp\AppData\Roaming\npm;C:\Users\bitcamp\AppData\Local\GitHubDesktop\bin
USERNAME=bitcamp
OS=Windows_NT
PROCESSOR_IDENTIFIER=Intel64 Family 6 Model 158 Stepping 13, GenuineIntel



---------------  S Y S T E M  ---------------

OS: Windows 10.0 , 64 bit Build 18362 (10.0.18362.1110)

CPU:total 8 (initial active 8) (8 cores per cpu, 1 threads per core) family 6 model 158 stepping 13, cmov, cx8, fxsr, mmx, sse, sse2, sse3, ssse3, sse4.1, sse4.2, popcnt, avx, avx2, aes, clmul, erms, 3dnowpref, lzcnt, tsc, tscinvbit, bmi1, bmi2, adx

Memory: 4k page, physical 16611608k(5957388k free), swap 36534552k(18726928k free)

vm_info: Java HotSpot(TM) 64-Bit Server VM (25.291-b10) for windows-amd64 JRE (1.8.0_291-b10), built on Apr  9 2021 00:02:00 by "java_re" with MS VC++ 15.9 (VS2017)

time: Mon Oct 18 13:18:58 2021
timezone: 대한민국 표준시
elapsed time: 0.344086 seconds (0d 0h 0m 0s)

